#
# There is insufficient memory for the Java Runtime Environment to continue.
# Native memory allocation (malloc) failed to allocate 1022256 bytes for Chunk::new
# Possible reasons:
#   The system is out of physical RAM or swap space
#   In 32 bit mode, the process size limit was hit
# Possible solutions:
#   Reduce memory load on the system
#   Increase physical memory or swap space
#   Check if swap backing store is full
#   Use 64 bit Java on a 64 bit OS
#   Decrease Java heap size (-Xmx/-Xms)
#   Decrease number of Java threads
#   Decrease Java thread stack sizes (-Xss)
#   Set larger code cache with -XX:ReservedCodeCacheSize=
# This output file may be truncated or incomplete.
#
#  Out of Memory Error (allocation.cpp:390), pid=12708, tid=0x000000000000376c
#
# JRE version: Java(TM) SE Runtime Environment (8.0_102-b14) (build 1.8.0_102-b14)
# Java VM: Java HotSpot(TM) 64-Bit Server VM (25.102-b14 mixed mode windows-amd64 compressed oops)
# Failed to write core dump. Minidumps are not enabled by default on client versions of Windows
#

---------------  T H R E A D  ---------------

Current thread (0x000000001610b800):  JavaThread "C2 CompilerThread0" daemon [_thread_in_native, id=14188, stack(0x0000000017700000,0x0000000017800000)]

Stack: [0x0000000017700000,0x0000000017800000]
[error occurred during error reporting (printing stack bounds), id 0xc0000005]

Native frames: (J=compiled Java code, j=interpreted, Vv=VM code, C=native code)


Current CompileTask:
C2: 381164 12807       4       com.android.dx.ssa.ConstCollector::getConstsSortedByCountUse (337 bytes)


---------------  P R O C E S S  ---------------

Java Threads: ( => current thread )
  0x000000001fb9f000 
[error occurred during error reporting (printing all threads), id 0xc0000005]

VM state:not at safepoint (normal execution)

VM Mutex/Monitor currently owned by a thread: None

Heap:
 PSYoungGen      total 154112K, used 26080K [0x00000000e0000000, 0x00000000eab00000, 0x0000000100000000)
  eden space 133120K, 19% used [0x00000000e0000000,0x00000000e19783f8,0x00000000e8200000)
  from space 20992K, 0% used [0x00000000e8200000,0x00000000e8200000,0x00000000e9680000)
  to   space 19968K, 0% used [0x00000000e9780000,0x00000000e9780000,0x00000000eab00000)
 ParOldGen       total 117248K, used 113757K [0x00000000a0000000, 0x00000000a7280000, 0x00000000e0000000)
  object space 117248K, 97% used [0x00000000a0000000,0x00000000a6f17770,0x00000000a7280000)
 Metaspace       used 63911K, capacity 65620K, committed 66944K, reserved 1107968K
  class space    used 8306K, capacity 8670K, committed 8832K, reserved 1048576K

Card table byte_map: [0x0000000011b10000,0x0000000011e20000] byte_map_base: 0x0000000011610000

Marking Bits: (ParMarkBitMap*) 0x0000000072d9a6c0
 Begin Bits: [0x0000000012420000, 0x0000000013c20000)
 End Bits:   [0x0000000013c20000, 0x0000000015420000)

Polling page: 0x00000000009c0000

CodeCache: size=245760Kb used=35752Kb max_used=36159Kb free=210007Kb
 bounds [0x0000000002750000, 0x0000000004af0000, 0x0000000011750000]
 total_blobs=11177 nmethods=10420 adapters=668
 compilation: enabled

Compilation events (10 events):
Event: 380.434 Thread 0x0000000016113000 12825       2       com.android.dx.rop.code.BasicBlock::hasExceptionHandlers (26 bytes)
Event: 380.434 Thread 0x0000000016113000 nmethod 12825 0x0000000002beed90 code [0x0000000002beef20, 0x0000000002bef148]
Event: 380.436 Thread 0x0000000016113000 12826       3       com.android.dx.rop.code.LocalVariableExtractor::processBlock (327 bytes)
Event: 380.440 Thread 0x0000000016113000 nmethod 12826 0x000000000452fed0 code [0x0000000004530360, 0x0000000004533fd8]
Event: 380.441 Thread 0x0000000016113000 12827       2       com.android.dx.ssa.LocalVariableExtractor::doit (59 bytes)
Event: 380.442 Thread 0x0000000016113000 nmethod 12827 0x0000000002bdea50 code [0x0000000002bdebe0, 0x0000000002bdee48]
Event: 380.454 Thread 0x0000000016113000 12828       2       java.util.concurrent.FutureTask$WaitNode::<init> (12 bytes)
Event: 380.454 Thread 0x0000000016113000 nmethod 12828 0x00000000048a34d0 code [0x00000000048a3620, 0x00000000048a3790]
Event: 380.470 Thread 0x0000000016113000 12830       2       com.android.dx.cf.direct.StdAttributeFactory::enclosingMethod (156 bytes)
Event: 380.474 Thread 0x0000000016113000 nmethod 12830 0x0000000004689510 code [0x00000000046898e0, 0x000000000468aee8]

GC Heap History (10 events):
Event: 377.539 GC heap after
Heap after GC invocations=45 (full 5):
 PSYoungGen      total 153088K, used 19954K [0x00000000e0000000, 0x00000000eab00000, 0x0000000100000000)
  eden space 133120K, 0% used [0x00000000e0000000,0x00000000e0000000,0x00000000e8200000)
  from space 19968K, 99% used [0x00000000e9780000,0x00000000eaafc8b8,0x00000000eab00000)
  to   space 20992K, 0% used [0x00000000e8200000,0x00000000e8200000,0x00000000e9680000)
 ParOldGen       total 117248K, used 83781K [0x00000000a0000000, 0x00000000a7280000, 0x00000000e0000000)
  object space 117248K, 71% used [0x00000000a0000000,0x00000000a51d14e0,0x00000000a7280000)
 Metaspace       used 63882K, capacity 65620K, committed 66944K, reserved 1107968K
  class space    used 8306K, capacity 8670K, committed 8832K, reserved 1048576K
}
Event: 378.316 GC heap before
{Heap before GC invocations=46 (full 5):
 PSYoungGen      total 153088K, used 153074K [0x00000000e0000000, 0x00000000eab00000, 0x0000000100000000)
  eden space 133120K, 100% used [0x00000000e0000000,0x00000000e8200000,0x00000000e8200000)
  from space 19968K, 99% used [0x00000000e9780000,0x00000000eaafc8b8,0x00000000eab00000)
  to   space 20992K, 0% used [0x00000000e8200000,0x00000000e8200000,0x00000000e9680000)
 ParOldGen       total 117248K, used 83781K [0x00000000a0000000, 0x00000000a7280000, 0x00000000e0000000)
  object space 117248K, 71% used [0x00000000a0000000,0x00000000a51d14e0,0x00000000a7280000)
 Metaspace       used 63887K, capacity 65620K, committed 66944K, reserved 1107968K
  class space    used 8306K, capacity 8670K, committed 8832K, reserved 1048576K
Event: 378.418 GC heap after
Heap after GC invocations=46 (full 5):
 PSYoungGen      total 154112K, used 20070K [0x00000000e0000000, 0x00000000eab00000, 0x0000000100000000)
  eden space 133120K, 0% used [0x00000000e0000000,0x00000000e0000000,0x00000000e8200000)
  from space 20992K, 95% used [0x00000000e8200000,0x00000000e9599868,0x00000000e9680000)
  to   space 19968K, 0% used [0x00000000e9780000,0x00000000e9780000,0x00000000eab00000)
 ParOldGen       total 117248K, used 99585K [0x00000000a0000000, 0x00000000a7280000, 0x00000000e0000000)
  object space 117248K, 84% used [0x00000000a0000000,0x00000000a61407a0,0x00000000a7280000)
 Metaspace       used 63887K, capacity 65620K, committed 66944K, reserved 1107968K
  class space    used 8306K, capacity 8670K, committed 8832K, reserved 1048576K
}
Event: 378.418 GC heap before
{Heap before GC invocations=47 (full 6):
 PSYoungGen      total 154112K, used 20070K [0x00000000e0000000, 0x00000000eab00000, 0x0000000100000000)
  eden space 133120K, 0% used [0x00000000e0000000,0x00000000e0000000,0x00000000e8200000)
  from space 20992K, 95% used [0x00000000e8200000,0x00000000e9599868,0x00000000e9680000)
  to   space 19968K, 0% used [0x00000000e9780000,0x00000000e9780000,0x00000000eab00000)
 ParOldGen       total 117248K, used 99585K [0x00000000a0000000, 0x00000000a7280000, 0x00000000e0000000)
  object space 117248K, 84% used [0x00000000a0000000,0x00000000a61407a0,0x00000000a7280000)
 Metaspace       used 63887K, capacity 65620K, committed 66944K, reserved 1107968K
  class space    used 8306K, capacity 8670K, committed 8832K, reserved 1048576K
Event: 379.008 GC heap after
Heap after GC invocations=47 (full 6):
 PSYoungGen      total 154112K, used 0K [0x00000000e0000000, 0x00000000eab00000, 0x0000000100000000)
  eden space 133120K, 0% used [0x00000000e0000000,0x00000000e0000000,0x00000000e8200000)
  from space 20992K, 0% used [0x00000000e8200000,0x00000000e8200000,0x00000000e9680000)
  to   space 19968K, 0% used [0x00000000e9780000,0x00000000e9780000,0x00000000eab00000)
 ParOldGen       total 117248K, used 86297K [0x00000000a0000000, 0x00000000a7280000, 0x00000000e0000000)
  object space 117248K, 73% used [0x00000000a0000000,0x00000000a5446598,0x00000000a7280000)
 Metaspace       used 63887K, capacity 65620K, committed 66944K, reserved 1107968K
  class space    used 8306K, capacity 8670K, committed 8832K, reserved 1048576K
}
Event: 379.816 GC heap before
{Heap before GC invocations=48 (full 6):
 PSYoungGen      total 154112K, used 133120K [0x00000000e0000000, 0x00000000eab00000, 0x0000000100000000)
  eden space 133120K, 100% used [0x00000000e0000000,0x00000000e8200000,0x00000000e8200000)
  from space 20992K, 0% used [0x00000000e8200000,0x00000000e8200000,0x00000000e9680000)
  to   space 19968K, 0% used [0x00000000e9780000,0x00000000e9780000,0x00000000eab00000)
 ParOldGen       total 117248K, used 86297K [0x00000000a0000000, 0x00000000a7280000, 0x00000000e0000000)
  object space 117248K, 73% used [0x00000000a0000000,0x00000000a5446598,0x00000000a7280000)
 Metaspace       used 63893K, capacity 65620K, committed 66944K, reserved 1107968K
  class space    used 8306K, capacity 8670K, committed 8832K, reserved 1048576K
Event: 379.853 GC heap after
Heap after GC invocations=48 (full 6):
 PSYoungGen      total 153088K, used 19966K [0x00000000e0000000, 0x00000000eab00000, 0x0000000100000000)
  eden space 133120K, 0% used [0x00000000e0000000,0x00000000e0000000,0x00000000e8200000)
  from space 19968K, 99% used [0x00000000e9780000,0x00000000eaaffa28,0x00000000eab00000)
  to   space 20992K, 0% used [0x00000000e8200000,0x00000000e8200000,0x00000000e9680000)
 ParOldGen       total 117248K, used 88718K [0x00000000a0000000, 0x00000000a7280000, 0x00000000e0000000)
  object space 117248K, 75% used [0x00000000a0000000,0x00000000a56a3a28,0x00000000a7280000)
 Metaspace       used 63893K, capacity 65620K, committed 66944K, reserved 1107968K
  class space    used 8306K, capacity 8670K, committed 8832K, reserved 1048576K
}
Event: 380.499 GC heap before
{Heap before GC invocations=49 (full 6):
 PSYoungGen      total 153088K, used 153086K [0x00000000e0000000, 0x00000000eab00000, 0x0000000100000000)
  eden space 133120K, 100% used [0x00000000e0000000,0x00000000e8200000,0x00000000e8200000)
  from space 19968K, 99% used [0x00000000e9780000,0x00000000eaaffa28,0x00000000eab00000)
  to   space 20992K, 0% used [0x00000000e8200000,0x00000000e8200000,0x00000000e9680000)
 ParOldGen       total 117248K, used 88718K [0x00000000a0000000, 0x00000000a7280000, 0x00000000e0000000)
  object space 117248K, 75% used [0x00000000a0000000,0x00000000a56a3a28,0x00000000a7280000)
 Metaspace       used 63901K, capacity 65620K, committed 66944K, reserved 1107968K
  class space    used 8306K, capacity 8670K, committed 8832K, reserved 1048576K
Event: 380.581 GC heap after
Heap after GC invocations=49 (full 6):
 PSYoungGen      total 154112K, used 20960K [0x00000000e0000000, 0x00000000eab00000, 0x0000000100000000)
  eden space 133120K, 0% used [0x00000000e0000000,0x00000000e0000000,0x00000000e8200000)
  from space 20992K, 99% used [0x00000000e8200000,0x00000000e9678078,0x00000000e9680000)
  to   space 19968K, 0% used [0x00000000e9780000,0x00000000e9780000,0x00000000eab00000)
 ParOldGen       total 117248K, used 104721K [0x00000000a0000000, 0x00000000a7280000, 0x00000000e0000000)
  object space 117248K, 89% used [0x00000000a0000000,0x00000000a6644580,0x00000000a7280000)
 Metaspace       used 63901K, capacity 65620K, committed 66944K, reserved 1107968K
  class space    used 8306K, capacity 8670K, committed 8832K, reserved 1048576K
}
Event: 380.581 GC heap before
{Heap before GC invocations=50 (full 7):
 PSYoungGen      total 154112K, used 20960K [0x00000000e0000000, 0x00000000eab00000, 0x0000000100000000)
  eden space 133120K, 0% used [0x00000000e0000000,0x00000000e0000000,0x00000000e8200000)
  from space 20992K, 99% used [0x00000000e8200000,0x00000000e9678078,0x00000000e9680000)
  to   space 19968K, 0% used [0x00000000e9780000,0x00000000e9780000,0x00000000eab00000)
 ParOldGen       total 117248K, used 104721K [0x00000000a0000000, 0x00000000a7280000, 0x00000000e0000000)
  object space 117248K, 89% used [0x00000000a0000000,0x00000000a6644580,0x00000000a7280000)
 Metaspace       used 63901K, capacity 65620K, committed 66944K, reserved 1107968K
  class space    used 8306K, capacity 8670K, committed 8832K, reserved 1048576K

Deoptimization events (10 events):
Event: 379.274 Thread 0x000000001fb97800 Uncommon trap: reason=bimorphic action=maybe_recompile pc=0x00000000047c0588 method=com.android.dx.ssa.LiteralOpUpgrader.tryReplacingWithConstant(Lcom/android/dx/ssa/NormalSsaInsn;)Z @ 62
Event: 379.296 Thread 0x000000001fb97800 Uncommon trap: reason=unstable_if action=reinterpret pc=0x00000000044fd5d8 method=java.util.concurrent.ConcurrentHashMap.putVal(Ljava/lang/Object;Ljava/lang/Object;Z)Ljava/lang/Object; @ 113
Event: 379.296 Thread 0x000000001fb97800 Uncommon trap: reason=unstable_if action=reinterpret pc=0x0000000002f5077c method=java.util.concurrent.ConcurrentHashMap.transfer([Ljava/util/concurrent/ConcurrentHashMap$Node;[Ljava/util/concurrent/ConcurrentHashMap$Node;)V @ 34
Event: 379.297 Thread 0x0000000019528800 Uncommon trap: reason=unstable_if action=reinterpret pc=0x0000000002f507ac method=java.util.concurrent.ConcurrentHashMap.transfer([Ljava/util/concurrent/ConcurrentHashMap$Node;[Ljava/util/concurrent/ConcurrentHashMap$Node;)V @ 277
Event: 379.297 Thread 0x0000000019528800 Uncommon trap: reason=unstable_if action=reinterpret pc=0x00000000044fd6ac method=java.util.concurrent.ConcurrentHashMap.addCount(JI)V @ 168
Event: 379.297 Thread 0x0000000019528800 Uncommon trap: reason=unstable_if action=reinterpret pc=0x0000000003d63848 method=java.util.concurrent.ConcurrentHashMap.get(Ljava/lang/Object;)Ljava/lang/Object; @ 86
Event: 380.145 Thread 0x000000001c88d000 Uncommon trap: reason=unstable_if action=reinterpret pc=0x00000000046053b8 method=com.android.dx.ssa.SCCP.simulateBranch(Lcom/android/dx/ssa/SsaInsn;)V @ 140
Event: 380.427 Thread 0x000000001fb9b000 Uncommon trap: reason=unstable_if action=reinterpret pc=0x0000000003d9d560 method=com.android.dx.ssa.LocalVariableExtractor.doit()Lcom/android/dx/ssa/LocalVariableInfo; @ 7
Event: 380.427 Thread 0x000000001fb9b000 Uncommon trap: reason=unstable_if action=reinterpret pc=0x00000000049db9e0 method=com.android.dx.rop.code.RegisterSpecSet.<init>(I)V @ 2
Event: 380.427 Thread 0x000000001fb9b000 Uncommon trap: reason=unstable_if action=reinterpret pc=0x00000000047a61f8 method=com.android.dx.rop.code.RegisterSpecSet.<init>(I)V @ 2

Internal exceptions (10 events):
Event: 235.797 Thread 0x0000000018d3c800 Exception <a 'java/lang/ClassNotFoundException': com/android/build/gradle/internal/LibraryCache$1Customizer> (0x00000000e0cb40f0) thrown at [C:\re\workspace\8-2-build-windows-amd64-cygwin\jdk8u102\7268\hotspot\src\share\vm\classfile\systemDictionary.cpp, lÏlNŒ®3q@
Event: 275.230 Thread 0x0000000018d3c800 Implicit null exception at 0x00000000035ffcd7 to 0x00000000035ffe1b
Event: 288.690 Thread 0x0000000018d3c800 Implicit null exception at 0x0000000003d20a9b to 0x0000000003d1fb2d
Event: 288.690 Thread 0x0000000018d3c800 Implicit null exception at 0x0000000003d20a9b to 0x0000000003d1fb2d
Event: 288.699 Thread 0x0000000018d3c800 Implicit null exception at 0x0000000003d20a9b to 0x0000000003d1fb2d
Event: 328.253 Thread 0x0000000018d3c800 Implicit null exception at 0x0000000002a53298 to 0x0000000002a532ce
Event: 331.818 Thread 0x0000000018d3c800 Implicit null exception at 0x000000000290a41a to 0x000000000290aad9
Event: 335.533 Thread 0x0000000018d3c800 Exception <a 'java/lang/NoSuchMethodError': <clinit>> (0x00000000e085c3d0) thrown at [C:\re\workspace\8-2-build-windows-amd64-cygwin\jdk8u102\7268\hotspot\src\share\vm\prims\jni.cpp, line 1613]
Event: 340.745 Thread 0x0000000018d3c800 Exception <a 'java/io/FileNotFoundException'> (0x00000000e00aa2d0) thrown at [C:\re\workspace\8-2-build-windows-amd64-cygwin\jdk8u102\7268\hotspot\src\share\vm\prims\jni.cpp, line 709]
Event: 370.177 Thread 0x000000001aeb2800 Implicit null exception at 0x0000000004185d3d to 0x0000000004186b69

Events (10 events):
Event: 380.427 Thread 0x000000001fb9b000 DEOPT UNPACKING pc=0x000000000279582a sp=0x000000002bd1e858 mode 2
Event: 380.427 Thread 0x000000001fb9b000 Uncommon trap: trap_request=0xffffff65 fr.pc=0x00000000049db9e0
Event: 380.427 Thread 0x000000001fb9b000 DEOPT PACKING pc=0x00000000049db9e0 sp=0x000000002bd1e960
Event: 380.427 Thread 0x000000001fb9b000 DEOPT UNPACKING pc=0x000000000279582a sp=0x000000002bd1e838 mode 2
Event: 380.427 Thread 0x000000001fb9b000 Uncommon trap: trap_request=0xffffff65 fr.pc=0x00000000047a61f8
Event: 380.427 Thread 0x000000001fb9b000 DEOPT PACKING pc=0x00000000047a61f8 sp=0x000000002bd1e870
Event: 380.427 Thread 0x000000001fb9b000 DEOPT UNPACKING pc=0x000000000279582a sp=0x000000002bd1e7a8 mode 2
Event: 380.479 Thread 0x000000001fb9f000 DEOPT PACKING pc=0x000000000459a7da sp=0x000000002c11efe0
Event: 380.479 Thread 0x000000001fb9f000 DEOPT UNPACKING pc=0x000000000279787f sp=0x000000002c11ed38 mode 0
Event: 380.491 Executing VM operation: ParallelGCFailedAllocation


Dynamic libraries:
0x00007ff7b5570000 - 0x00007ff7b55a7000 	C:\Program Files\Java\jdk1.8.0_102\bin\java.exe
0x00007ffdb5a50000 - 0x00007ffdb5c21000 	C:\WINDOWS\SYSTEM32\ntdll.dll
0x00007ffdb3420000 - 0x00007ffdb34cb000 	C:\WINDOWS\System32\KERNEL32.DLL
0x00007ffdb2d10000 - 0x00007ffdb2f2d000 	C:\WINDOWS\System32\KERNELBASE.dll
0x00007ffdb5990000 - 0x00007ffdb5a32000 	C:\WINDOWS\System32\ADVAPI32.dll
0x00007ffdb3d70000 - 0x00007ffdb3e0e000 	C:\WINDOWS\System32\msvcrt.dll
0x00007ffdb3e70000 - 0x00007ffdb3ec9000 	C:\WINDOWS\System32\sechost.dll
0x00007ffdb2fe0000 - 0x00007ffdb3101000 	C:\WINDOWS\System32\RPCRT4.dll
0x00007ffdb3ed0000 - 0x00007ffdb4035000 	C:\WINDOWS\System32\USER32.dll
0x00007ffdb1f40000 - 0x00007ffdb1f5e000 	C:\WINDOWS\System32\win32u.dll
0x00007ffdb33e0000 - 0x00007ffdb3414000 	C:\WINDOWS\System32\GDI32.dll
0x00007ffdb2900000 - 0x00007ffdb2a82000 	C:\WINDOWS\System32\gdi32full.dll
0x00007ffdaba20000 - 0x00007ffdabc99000 	C:\WINDOWS\WinSxS\amd64_microsoft.windows.common-controls_6595b64144ccf1df_6.0.14393.447_none_42191651c6827bb3\COMCTL32.dll
0x00007ffdb3aa0000 - 0x00007ffdb3d68000 	C:\WINDOWS\System32\combase.dll
0x00007ffdb2640000 - 0x00007ffdb2735000 	C:\WINDOWS\System32\ucrtbase.dll
0x00007ffdb27e0000 - 0x00007ffdb284a000 	C:\WINDOWS\System32\bcryptPrimitives.dll
0x00007ffdb3a70000 - 0x00007ffdb3a9e000 	C:\WINDOWS\System32\IMM32.DLL
0x00007ffdb0da0000 - 0x00007ffdb0dd2000 	C:\Windows\system32\nvinitx.dll
0x00007ffdb0d90000 - 0x00007ffdb0d9a000 	C:\WINDOWS\SYSTEM32\VERSION.dll
0x0000000072e20000 - 0x0000000072ef1000 	C:\Program Files\Java\jdk1.8.0_102\jre\bin\msvcr100.dll
0x0000000072580000 - 0x0000000072e1a000 	C:\Program Files\Java\jdk1.8.0_102\jre\bin\server\jvm.dll
0x00007ffdb3330000 - 0x00007ffdb3338000 	C:\WINDOWS\System32\PSAPI.DLL
0x00007ffdaef00000 - 0x00007ffdaef09000 	C:\WINDOWS\SYSTEM32\WSOCK32.dll
0x00007ffdb01f0000 - 0x00007ffdb0213000 	C:\WINDOWS\SYSTEM32\WINMM.dll
0x00007ffdb4140000 - 0x00007ffdb41aa000 	C:\WINDOWS\System32\WS2_32.dll
0x00007ffdb01c0000 - 0x00007ffdb01eb000 	C:\WINDOWS\SYSTEM32\WINMMBASE.dll
0x00007ffdb2cc0000 - 0x00007ffdb2d02000 	C:\WINDOWS\System32\cfgmgr32.dll
0x0000000073af0000 - 0x0000000073aff000 	C:\Program Files\Java\jdk1.8.0_102\jre\bin\verify.dll
0x0000000072550000 - 0x0000000072579000 	C:\Program Files\Java\jdk1.8.0_102\jre\bin\java.dll
0x0000000072530000 - 0x0000000072546000 	C:\Program Files\Java\jdk1.8.0_102\jre\bin\zip.dll
0x00007ffdb4480000 - 0x00007ffdb5989000 	C:\WINDOWS\System32\SHELL32.dll
0x00007ffdb1f60000 - 0x00007ffdb263a000 	C:\WINDOWS\System32\windows.storage.dll
0x00007ffdb1ee0000 - 0x00007ffdb1f2c000 	C:\WINDOWS\System32\powrprof.dll
0x00007ffdb3110000 - 0x00007ffdb3162000 	C:\WINDOWS\System32\shlwapi.dll
0x00007ffdb1f30000 - 0x00007ffdb1f3f000 	C:\WINDOWS\System32\kernel.appcore.dll
0x00007ffdb2850000 - 0x00007ffdb28f9000 	C:\WINDOWS\System32\shcore.dll
0x00007ffdb1eb0000 - 0x00007ffdb1ec4000 	C:\WINDOWS\System32\profapi.dll
0x0000000072510000 - 0x000000007252a000 	C:\Program Files\Java\jdk1.8.0_102\jre\bin\net.dll
0x00007ffdb1690000 - 0x00007ffdb16ec000 	C:\WINDOWS\system32\mswsock.dll
0x00000000724f0000 - 0x0000000072501000 	C:\Program Files\Java\jdk1.8.0_102\jre\bin\nio.dll
0x00007ffd89fd0000 - 0x00007ffd89fe2000 	C:\Users\MyPC\.gradle\native\19\windows-amd64\native-platform.dll
0x00007ffdb1980000 - 0x00007ffdb1997000 	C:\WINDOWS\SYSTEM32\CRYPTSP.dll
0x00007ffdb1890000 - 0x00007ffdb18c3000 	C:\WINDOWS\system32\rsaenh.dll
0x00007ffdb1a90000 - 0x00007ffdb1abb000 	C:\WINDOWS\SYSTEM32\bcrypt.dll
0x00007ffdb1510000 - 0x00007ffdb152f000 	C:\WINDOWS\SYSTEM32\USERENV.dll
0x00007ffdb19a0000 - 0x00007ffdb19ab000 	C:\WINDOWS\SYSTEM32\CRYPTBASE.dll
0x00007ffdb1420000 - 0x00007ffdb1458000 	C:\WINDOWS\SYSTEM32\IPHLPAPI.DLL
0x00007ffdb34d0000 - 0x00007ffdb34d8000 	C:\WINDOWS\System32\NSI.dll
0x00007ffdac7e0000 - 0x00007ffdac7f6000 	C:\WINDOWS\SYSTEM32\dhcpcsvc6.DLL
0x00007ffdacad0000 - 0x00007ffdacaea000 	C:\WINDOWS\SYSTEM32\dhcpcsvc.DLL
0x0000000073ae0000 - 0x0000000073aed000 	C:\Program Files\Java\jdk1.8.0_102\jre\bin\management.dll

VM Arguments:
jvm_args: -Xmx1536m -Dfile.encoding=windows-1258 -Duser.country=US -Duser.language=en -Duser.variant 
java_command: org.gradle.launcher.daemon.bootstrap.GradleDaemon 2.14.1
java_class_path (initial): D:\Study\Android_Developing\AndroidStudio\gradle\gradle-2.14.1\lib\gradle-launcher-2.14.1.jar
Launcher Type: SUN_STANDARD

Environment Variables:
PATH=C:\ProgramData\Oracle\Java\javapath;C:\Windows\system32;C:\Windows;C:\Windows\System32\Wbem;C:\Windows\System32\WindowsPowerShell\v1.0\;C:\Users\MyPC\.dnx\bin;C:\Program Files\Microsoft DNX\Dnvm\;C:\Program Files\Microsoft SQL Server\120\Tools\Binn\;C:\Program Files\Microsoft SQL Server\130\Tools\Binn\;C:\Program Files\Microsoft SQL Server\120\DTS\Binn\;C:\Program Files\Microsoft SQL Server\Client SDK\ODBC\110\Tools\Binn\;C:\Program Files (x86)\Microsoft SQL Server\120\Tools\Binn\;C:\Program Files (x86)\Microsoft SQL Server\120\Tools\Binn\ManagementStudio\;C:\Program Files (x86)\Microsoft SQL Server\120\DTS\Binn\;C:\Program Files (x86)\Skype\Phone\;C:\Program Files (x86)\NVIDIA Corporation\PhysX\Common;C:\Program Files\TortoiseHg\;C:\Program Files (x86)\GtkSharp\2.12\bin;C:\WINDOWS\system32;C:\WINDOWS;C:\WINDOWS\System32\Wbem;C:\WINDOWS\System32\WindowsPowerShell\v1.0\;C:\Users\MyPC\AppData\Local\Microsoft\WindowsApps;C:\Users\MyPC\AppData\Local\atom\bin
USERNAME=MyPC
OS=Windows_NT
PROCESSOR_IDENTIFIER=Intel64 Family 6 Model 69 Stepping 1, GenuineIntel



---------------  S Y S T E M  ---------------

OS: Windows 10.0 , 64 bit Build 14393 (10.0.14393.0)

CPU:total 4 (2 cores per cpu, 2 threads per core) family 6 model 69 stepping 1, cmov, cx8, fxsr, mmx, sse, sse2, sse3, ssse3, sse4.1, sse4.2, popcnt, avx, avx2, aes, clmul, erms, lzcnt, ht, tsc, tscinvbit, bmi1, bmi2

Memory: 4k page, physical 8268932k(477856k free), swap 10828932k(0k free)

vm_info: Java HotSpot(TM) 64-Bit Server VM (25.102-b14) for windows-amd64 JRE (1.8.0_102-b14), built on Jun 22 2016 13:15:21 by "java_re" with MS VC++ 10.0 (VS2010)

time: Sat Jan 07 21:17:23 2017
elapsed time: 381 seconds (0d 0h 6m 21s)

